<?xml version="1.0" encoding="UTF-8"?>
<!-- Generated by org.testng.reporters.JUnitXMLReporter -->
<testsuite hostname="Liutas-LP" ignored="0" name="Test" tests="6" failures="0" timestamp="04 Vas 2019 16:46:09 GMT" time="0.338" errors="0">
  <testcase name="@BeforeClass beforeClass" time="0.257" classname="tests.MonethaDealsTest">
    <failure type="java.lang.IllegalStateException" message="The path to the driver executable must be set by the webdriver.gecko.driver system property; for more information, see https://github.com/mozilla/geckodriver. The latest version can be downloaded from https://github.com/mozilla/geckodriver/releases">
      <![CDATA[java.lang.IllegalStateException: The path to the driver executable must be set by the webdriver.gecko.driver system property; for more information, see https://github.com/mozilla/geckodriver. The latest version can be downloaded from https://github.com/mozilla/geckodriver/releases
at com.google.common.base.Preconditions.checkState(Preconditions.java:847)
at org.openqa.selenium.remote.service.DriverService.findExecutable(DriverService.java:134)
at org.openqa.selenium.firefox.GeckoDriverService.access$100(GeckoDriverService.java:44)
at org.openqa.selenium.firefox.GeckoDriverService$Builder.findDefaultExecutable(GeckoDriverService.java:167)
at org.openqa.selenium.remote.service.DriverService$Builder.build(DriverService.java:355)
at org.openqa.selenium.firefox.FirefoxDriver.toExecutor(FirefoxDriver.java:190)
at org.openqa.selenium.firefox.FirefoxDriver.<init>(FirefoxDriver.java:147)
at org.openqa.selenium.firefox.FirefoxDriver.<init>(FirefoxDriver.java:125)
at helper.TestAutomationFramework.setUp(TestAutomationFramework.java:49)
at tests.MonethaDealsTest.beforeClass(MonethaDealsTest.java:249)
at java.util.concurrent.ThreadPoolExecutor.runWorker(Unknown Source)
at java.util.concurrent.ThreadPoolExecutor$Worker.run(Unknown Source)
at java.lang.Thread.run(Unknown Source)
... Removed 11 stack frames]]>
    </failure>
  </testcase> <!-- @BeforeClass beforeClass -->
  <testcase name="@AfterClass afterClass" time="0.0" classname="tests.MonethaDealsTest">
    <skipped/>
  </testcase> <!-- @AfterClass afterClass -->
  <testcase name="shouldBeAbleToCreateDeal" time="0.0" classname="tests.MonethaDealsTest">
    <skipped/>
  </testcase> <!-- shouldBeAbleToCreateDeal -->
  <testcase name="shouldBeAbleToLogout" time="0.0" classname="tests.MonethaDealsTest">
    <skipped/>
  </testcase> <!-- shouldBeAbleToLogout -->
  <testcase name="shouldNotBeAbleToCreateADealWhenPriceIsNotNumber" time="0.0" classname="tests.MonethaDealsTest">
    <skipped/>
  </testcase> <!-- shouldNotBeAbleToCreateADealWhenPriceIsNotNumber -->
  <testcase name="shouldBeAbleToConfirmDealDetails" time="0.0" classname="tests.MonethaDealsTest">
    <skipped/>
  </testcase> <!-- shouldBeAbleToConfirmDealDetails -->
  <testcase name="shouldBeAbleToPayForDealWithCash" time="0.0" classname="tests.MonethaDealsTest">
    <skipped/>
  </testcase> <!-- shouldBeAbleToPayForDealWithCash -->
  <testcase name="shouldBeAbleToConfirmPayment" time="0.0" classname="tests.MonethaDealsTest">
    <skipped/>
  </testcase> <!-- shouldBeAbleToConfirmPayment -->
</testsuite> <!-- Test -->
